<?xml version="1.0" encoding="UTF-8"?>
<!-- Generated by org.testng.reporters.JUnitReportReporter -->
<testsuite hostname="LTIN509456" failures="0" tests="24" name="testSenario.TestCase" time="188.654" errors="0" timestamp="2024-04-04T17:23:44 IST" skipped="0">
  <testcase classname="testSenario.TestCase" name="captureUserInfo" time="12.570"/>
  <testcase classname="testSenario.TestCase" name="captureUserInfo" time="12.468"/>
  <testcase classname="testSenario.TestCase" name="clickoncompany" time="0.144"/>
  <testcase classname="testSenario.TestCase" name="clickoncompany" time="0.119"/>
  <testcase classname="testSenario.TestCase" name="clickonacronym" time="2.324"/>
  <testcase classname="testSenario.TestCase" name="clickonacronym" time="2.721"/>
  <testcase classname="testSenario.TestCase" name="title" time="0.191"/>
  <testcase classname="testSenario.TestCase" name="title" time="0.220"/>
  <testcase classname="testSenario.TestCase" name="tooltip" time="0.021"/>
  <testcase classname="testSenario.TestCase" name="tooltip" time="0.024"/>
  <testcase classname="testSenario.TestCase" name="data" time="0.033"/>
  <testcase classname="testSenario.TestCase" name="data" time="0.032"/>
  <testcase classname="testSenario.TestCase" name="alldata" time="30.437"/>
  <testcase classname="testSenario.TestCase" name="alldata" time="30.301"/>
  <testcase classname="testSenario.TestCase" name="clickonbecognizant" time="0.081"/>
  <testcase classname="testSenario.TestCase" name="clickonbecognizant" time="0.080"/>
  <testcase classname="testSenario.TestCase" name="ValidateCogniHomePage" time="0.009"/>
  <testcase classname="testSenario.TestCase" name="ValidateCogniHomePage" time="0.009"/>
  <testcase classname="testSenario.TestCase" name="scrollBottom" time="0.021"/>
  <testcase classname="testSenario.TestCase" name="scrollBottom" time="0.028"/>
  <testcase classname="testSenario.TestCase" name="getStockPrice" time="0.199"/>
  <testcase classname="testSenario.TestCase" name="getStockPrice" time="0.259"/>
  <testcase classname="testSenario.TestCase" name="ValidateStockPrice" time="49.599"/>
  <testcase classname="testSenario.TestCase" name="ValidateStockPrice" time="46.764"/>
</testsuite> <!-- testSenario.TestCase -->
