<?xml version="1.0" encoding="UTF-8"?>
<!-- Generated by org.testng.reporters.JUnitReportReporter -->
<testsuite hostname="LTIN509456" failures="0" tests="3" name="allpage.Becognizant" time="6.634" errors="0" timestamp="2024-03-29T09:41:39 IST" skipped="0">
  <testcase classname="allpage.Becognizant" name="verifyacronyms" time="0.009"/>
  <testcase classname="allpage.Becognizant" name="openbrowser" time="6.316"/>
  <testcase classname="allpage.Becognizant" name="clickonacronyms" time="0.309"/>
</testsuite> <!-- allpage.Becognizant -->
